<?xml version="1.0" encoding="UTF-8" ?>
<testsuite failures="0" time="0.009" errors="0" skipped="0" tests="1" name="com.bconnect.core.corebc.AppTest">
  <properties>
    <property name="java.runtime.name" value="Java(TM) SE Runtime Environment"/>
    <property name="sun.boot.library.path" value="C:\Program Files (x86)\Java\jdk1.6.0_25\jre\bin"/>
    <property name="java.vm.version" value="20.0-b11"/>
    <property name="java.vm.vendor" value="Sun Microsystems Inc."/>
    <property name="java.vendor.url" value="http://java.sun.com/"/>
    <property name="path.separator" value=";"/>
    <property name="java.vm.name" value="Java HotSpot(TM) Client VM"/>
    <property name="file.encoding.pkg" value="sun.io"/>
    <property name="user.country" value="MX"/>
    <property name="sun.java.launcher" value="SUN_STANDARD"/>
    <property name="sun.os.patch.level" value="Service Pack 1"/>
    <property name="java.vm.specification.name" value="Java Virtual Machine Specification"/>
    <property name="user.dir" value="C:\Users\jorge.rodriguez\Documents\Projects\labs\CoreBC"/>
    <property name="java.runtime.version" value="1.6.0_25-b06"/>
    <property name="java.awt.graphicsenv" value="sun.awt.Win32GraphicsEnvironment"/>
    <property name="basedir" value="C:\Users\jorge.rodriguez\Documents\Projects\labs\CoreBC"/>
    <property name="java.endorsed.dirs" value="C:\Program Files (x86)\Java\jdk1.6.0_25\jre\lib\endorsed"/>
    <property name="os.arch" value="x86"/>
    <property name="surefire.real.class.path" value="C:\Users\jorge.rodriguez\Documents\Projects\labs\CoreBC\target\surefire\surefirebooter2072497643986851686.jar"/>
    <property name="java.io.tmpdir" value="C:\Users\JORGE~1.ROD\AppData\Local\Temp\"/>
    <property name="line.separator" value="
"/>
    <property name="java.vm.specification.vendor" value="Sun Microsystems Inc."/>
    <property name="user.variant" value=""/>
    <property name="os.name" value="Windows 7"/>
    <property name="sun.jnu.encoding" value="Cp1252"/>
    <property name="java.library.path" value="C:\Program Files (x86)\Java\jdk1.6.0_25\jre\bin;.;C:\Windows\Sun\Java\bin;C:\Windows\system32;C:\Windows;C:\Program Files (x86)\PHP\;C:\Program Files (x86)\Java\jdk1.6.0_25; C:\Program Files\Common Files\Microsoft Shared\Windows Live;C:\Program Files (x86)\Common Files\Microsoft Shared\Windows Live;C:\Windows\system32;C:\Windows;C:\Windows\System32\Wbem;C:\Windows\System32\WindowsPowerShell\v1.0\;C:\Program Files\ThinkPad\Bluetooth Software\;C:\Program Files\ThinkPad\Bluetooth Software\syswow64;C:\Program Files (x86)\Common Files\Lenovo;C:\Program Files (x86)\Common Files\Ulead Systems\MPEG;C:\Program Files (x86)\Windows Live\Shared;C:\SWTOOLS\ReadyApps;C:\Program Files (x86)\TortoiseSVN\bin;C:\Program Files\TortoiseSVN\bin;  C:\Users\jorge.rodriguez\Documents\InstalacionesSW\apache-maven-3.0.4\bin;C:\Program Files (x86)\iis express\PHP\v5.4"/>
    <property name="surefire.test.class.path" value="C:\Users\jorge.rodriguez\Documents\Projects\labs\CoreBC\target\test-classes;C:\Users\jorge.rodriguez\Documents\Projects\labs\CoreBC\target\classes;C:\Users\jorge.rodriguez\.m2\repository\junit\junit\3.8.1\junit-3.8.1.jar;C:\Users\jorge.rodriguez\.m2\repository\log4j\log4j\1.2.13\log4j-1.2.13.jar;C:\Users\jorge.rodriguez\.m2\repository\commons-pool\commons-pool\1.5.6\commons-pool-1.5.6.jar;C:\Users\jorge.rodriguez\.m2\repository\javax\faces\jsf-api\2.0\jsf-api-2.0.jar;C:\Users\jorge.rodriguez\.m2\repository\javax\servlet\servlet-api\2.4\servlet-api-2.4.jar;C:\Users\jorge.rodriguez\.m2\repository\javax\mail\mail\1.4.4\mail-1.4.4.jar;C:\Users\jorge.rodriguez\.m2\repository\javax\activation\activation\1.1\activation-1.1.jar;C:\Users\jorge.rodriguez\.m2\repository\com\lowagie\itext\2.1.7\itext-2.1.7.jar;C:\Users\jorge.rodriguez\.m2\repository\bouncycastle\bcmail-jdk14\138\bcmail-jdk14-138.jar;C:\Users\jorge.rodriguez\.m2\repository\bouncycastle\bcprov-jdk14\138\bcprov-jdk14-138.jar;C:\Users\jorge.rodriguez\.m2\repository\org\bouncycastle\bctsp-jdk14\1.38\bctsp-jdk14-1.38.jar;C:\Users\jorge.rodriguez\.m2\repository\org\bouncycastle\bcprov-jdk14\1.38\bcprov-jdk14-1.38.jar;C:\Users\jorge.rodriguez\.m2\repository\org\bouncycastle\bcmail-jdk14\1.38\bcmail-jdk14-1.38.jar;C:\Users\jorge.rodriguez\.m2\repository\commons-beanutils\commons-beanutils\1.6\commons-beanutils-1.6.jar;C:\Users\jorge.rodriguez\.m2\repository\commons-logging\commons-logging\1.0\commons-logging-1.0.jar;C:\Users\jorge.rodriguez\.m2\repository\commons-collections\commons-collections\2.0\commons-collections-2.0.jar;C:\Users\jorge.rodriguez\.m2\repository\jfree\jfreechart\1.0.13\jfreechart-1.0.13.jar;C:\Users\jorge.rodriguez\.m2\repository\jfree\jcommon\1.0.16\jcommon-1.0.16.jar;C:\Users\jorge.rodriguez\.m2\repository\commons-io\commons-io\1.3.2\commons-io-1.3.2.jar;C:\Users\jorge.rodriguez\.m2\repository\struts\struts\1.2.9\struts-1.2.9.jar;C:\Users\jorge.rodriguez\.m2\repository\commons-digester\commons-digester\1.6\commons-digester-1.6.jar;C:\Users\jorge.rodriguez\.m2\repository\commons-validator\commons-validator\1.1.4\commons-validator-1.1.4.jar;C:\Users\jorge.rodriguez\.m2\repository\oro\oro\2.0.7\oro-2.0.7.jar;C:\Users\jorge.rodriguez\.m2\repository\antlr\antlr\2.7.2\antlr-2.7.2.jar;C:\Users\jorge.rodriguez\.m2\repository\xalan\xalan\2.5.1\xalan-2.5.1.jar;C:\Users\jorge.rodriguez\.m2\repository\org\primefaces\primefaces\3.3\primefaces-3.3.jar;C:\Users\jorge.rodriguez\.m2\repository\com\sun\faces\jsf-impl\2.0.3\jsf-impl-2.0.3.jar;C:\Users\jorge.rodriguez\.m2\repository\commons-fileupload\commons-fileupload\1.2.2\commons-fileupload-1.2.2.jar;C:\Users\jorge.rodriguez\.m2\repository\net\sf\jasperreports\jasperreports\4.8.0\jasperreports-4.8.0.jar;C:\Users\jorge.rodriguez\.m2\repository\xml-apis\xml-apis\1.3.02\xml-apis-1.3.02.jar;C:\Users\jorge.rodriguez\.m2\repository\eclipse\jdtcore\3.1.0\jdtcore-3.1.0.jar;C:\Users\jorge.rodriguez\.m2\repository\org\codehaus\castor\castor\1.2\castor-1.2.jar;C:\Users\jorge.rodriguez\.m2\repository\org\apache\poi\poi-ooxml\3.7\poi-ooxml-3.7.jar;C:\Users\jorge.rodriguez\.m2\repository\org\apache\poi\poi\3.7\poi-3.7.jar;C:\Users\jorge.rodriguez\.m2\repository\org\apache\poi\poi-ooxml-schemas\3.7\poi-ooxml-schemas-3.7.jar;C:\Users\jorge.rodriguez\.m2\repository\org\apache\xmlbeans\xmlbeans\2.3.0\xmlbeans-2.3.0.jar;C:\Users\jorge.rodriguez\.m2\repository\stax\stax-api\1.0.1\stax-api-1.0.1.jar;C:\Users\jorge.rodriguez\.m2\repository\org\apache\geronimo\specs\geronimo-stax-api_1.0_spec\1.0\geronimo-stax-api_1.0_spec-1.0.jar;C:\Users\jorge.rodriguez\.m2\repository\dom4j\dom4j\1.6.1\dom4j-1.6.1.jar;C:\Users\jorge.rodriguez\.m2\repository\com\fasterxml\jackson\core\jackson-core\2.0.5\jackson-core-2.0.5.jar;C:\Users\jorge.rodriguez\.m2\repository\com\fasterxml\jackson\core\jackson-databind\2.0.5\jackson-databind-2.0.5.jar;C:\Users\jorge.rodriguez\.m2\repository\com\fasterxml\jackson\core\jackson-annotations\2.0.5\jackson-annotations-2.0.5.jar;C:\Users\jorge.rodriguez\.m2\repository\commons-dbcp\commons-dbcp\1.2.2\commons-dbcp-1.2.2.jar;C:\Users\jorge.rodriguez\.m2\repository\org\jdom\jdom\1.1.3\jdom-1.1.3.jar;"/>
    <property name="java.specification.name" value="Java Platform API Specification"/>
    <property name="java.class.version" value="50.0"/>
    <property name="sun.management.compiler" value="HotSpot Client Compiler"/>
    <property name="os.version" value="6.1"/>
    <property name="user.home" value="C:\Users\jorge.rodriguez"/>
    <property name="user.timezone" value=""/>
    <property name="java.awt.printerjob" value="sun.awt.windows.WPrinterJob"/>
    <property name="java.specification.version" value="1.6"/>
    <property name="file.encoding" value="Cp1252"/>
    <property name="user.name" value="jorge.rodriguez"/>
    <property name="java.class.path" value="C:\Users\jorge.rodriguez\Documents\Projects\labs\CoreBC\target\test-classes;C:\Users\jorge.rodriguez\Documents\Projects\labs\CoreBC\target\classes;C:\Users\jorge.rodriguez\.m2\repository\junit\junit\3.8.1\junit-3.8.1.jar;C:\Users\jorge.rodriguez\.m2\repository\log4j\log4j\1.2.13\log4j-1.2.13.jar;C:\Users\jorge.rodriguez\.m2\repository\commons-pool\commons-pool\1.5.6\commons-pool-1.5.6.jar;C:\Users\jorge.rodriguez\.m2\repository\javax\faces\jsf-api\2.0\jsf-api-2.0.jar;C:\Users\jorge.rodriguez\.m2\repository\javax\servlet\servlet-api\2.4\servlet-api-2.4.jar;C:\Users\jorge.rodriguez\.m2\repository\javax\mail\mail\1.4.4\mail-1.4.4.jar;C:\Users\jorge.rodriguez\.m2\repository\javax\activation\activation\1.1\activation-1.1.jar;C:\Users\jorge.rodriguez\.m2\repository\com\lowagie\itext\2.1.7\itext-2.1.7.jar;C:\Users\jorge.rodriguez\.m2\repository\bouncycastle\bcmail-jdk14\138\bcmail-jdk14-138.jar;C:\Users\jorge.rodriguez\.m2\repository\bouncycastle\bcprov-jdk14\138\bcprov-jdk14-138.jar;C:\Users\jorge.rodriguez\.m2\repository\org\bouncycastle\bctsp-jdk14\1.38\bctsp-jdk14-1.38.jar;C:\Users\jorge.rodriguez\.m2\repository\org\bouncycastle\bcprov-jdk14\1.38\bcprov-jdk14-1.38.jar;C:\Users\jorge.rodriguez\.m2\repository\org\bouncycastle\bcmail-jdk14\1.38\bcmail-jdk14-1.38.jar;C:\Users\jorge.rodriguez\.m2\repository\commons-beanutils\commons-beanutils\1.6\commons-beanutils-1.6.jar;C:\Users\jorge.rodriguez\.m2\repository\commons-logging\commons-logging\1.0\commons-logging-1.0.jar;C:\Users\jorge.rodriguez\.m2\repository\commons-collections\commons-collections\2.0\commons-collections-2.0.jar;C:\Users\jorge.rodriguez\.m2\repository\jfree\jfreechart\1.0.13\jfreechart-1.0.13.jar;C:\Users\jorge.rodriguez\.m2\repository\jfree\jcommon\1.0.16\jcommon-1.0.16.jar;C:\Users\jorge.rodriguez\.m2\repository\commons-io\commons-io\1.3.2\commons-io-1.3.2.jar;C:\Users\jorge.rodriguez\.m2\repository\struts\struts\1.2.9\struts-1.2.9.jar;C:\Users\jorge.rodriguez\.m2\repository\commons-digester\commons-digester\1.6\commons-digester-1.6.jar;C:\Users\jorge.rodriguez\.m2\repository\commons-validator\commons-validator\1.1.4\commons-validator-1.1.4.jar;C:\Users\jorge.rodriguez\.m2\repository\oro\oro\2.0.7\oro-2.0.7.jar;C:\Users\jorge.rodriguez\.m2\repository\antlr\antlr\2.7.2\antlr-2.7.2.jar;C:\Users\jorge.rodriguez\.m2\repository\xalan\xalan\2.5.1\xalan-2.5.1.jar;C:\Users\jorge.rodriguez\.m2\repository\org\primefaces\primefaces\3.3\primefaces-3.3.jar;C:\Users\jorge.rodriguez\.m2\repository\com\sun\faces\jsf-impl\2.0.3\jsf-impl-2.0.3.jar;C:\Users\jorge.rodriguez\.m2\repository\commons-fileupload\commons-fileupload\1.2.2\commons-fileupload-1.2.2.jar;C:\Users\jorge.rodriguez\.m2\repository\net\sf\jasperreports\jasperreports\4.8.0\jasperreports-4.8.0.jar;C:\Users\jorge.rodriguez\.m2\repository\xml-apis\xml-apis\1.3.02\xml-apis-1.3.02.jar;C:\Users\jorge.rodriguez\.m2\repository\eclipse\jdtcore\3.1.0\jdtcore-3.1.0.jar;C:\Users\jorge.rodriguez\.m2\repository\org\codehaus\castor\castor\1.2\castor-1.2.jar;C:\Users\jorge.rodriguez\.m2\repository\org\apache\poi\poi-ooxml\3.7\poi-ooxml-3.7.jar;C:\Users\jorge.rodriguez\.m2\repository\org\apache\poi\poi\3.7\poi-3.7.jar;C:\Users\jorge.rodriguez\.m2\repository\org\apache\poi\poi-ooxml-schemas\3.7\poi-ooxml-schemas-3.7.jar;C:\Users\jorge.rodriguez\.m2\repository\org\apache\xmlbeans\xmlbeans\2.3.0\xmlbeans-2.3.0.jar;C:\Users\jorge.rodriguez\.m2\repository\stax\stax-api\1.0.1\stax-api-1.0.1.jar;C:\Users\jorge.rodriguez\.m2\repository\org\apache\geronimo\specs\geronimo-stax-api_1.0_spec\1.0\geronimo-stax-api_1.0_spec-1.0.jar;C:\Users\jorge.rodriguez\.m2\repository\dom4j\dom4j\1.6.1\dom4j-1.6.1.jar;C:\Users\jorge.rodriguez\.m2\repository\com\fasterxml\jackson\core\jackson-core\2.0.5\jackson-core-2.0.5.jar;C:\Users\jorge.rodriguez\.m2\repository\com\fasterxml\jackson\core\jackson-databind\2.0.5\jackson-databind-2.0.5.jar;C:\Users\jorge.rodriguez\.m2\repository\com\fasterxml\jackson\core\jackson-annotations\2.0.5\jackson-annotations-2.0.5.jar;C:\Users\jorge.rodriguez\.m2\repository\commons-dbcp\commons-dbcp\1.2.2\commons-dbcp-1.2.2.jar;C:\Users\jorge.rodriguez\.m2\repository\org\jdom\jdom\1.1.3\jdom-1.1.3.jar;"/>
    <property name="java.vm.specification.version" value="1.0"/>
    <property name="sun.arch.data.model" value="32"/>
    <property name="java.home" value="C:\Program Files (x86)\Java\jdk1.6.0_25\jre"/>
    <property name="sun.java.command" value="C:\Users\jorge.rodriguez\Documents\Projects\labs\CoreBC\target\surefire\surefirebooter2072497643986851686.jar C:\Users\jorge.rodriguez\Documents\Projects\labs\CoreBC\target\surefire\surefire2821219560165997043tmp C:\Users\jorge.rodriguez\Documents\Projects\labs\CoreBC\target\surefire\surefire7801983591557878960tmp"/>
    <property name="java.specification.vendor" value="Sun Microsystems Inc."/>
    <property name="user.language" value="es"/>
    <property name="awt.toolkit" value="sun.awt.windows.WToolkit"/>
    <property name="java.vm.info" value="mixed mode"/>
    <property name="java.version" value="1.6.0_25"/>
    <property name="java.ext.dirs" value="C:\Program Files (x86)\Java\jdk1.6.0_25\jre\lib\ext;C:\Windows\Sun\Java\lib\ext"/>
    <property name="sun.boot.class.path" value="C:\Program Files (x86)\Java\jdk1.6.0_25\jre\lib\endorsed\jaxb-api.jar;C:\Program Files (x86)\Java\jdk1.6.0_25\jre\lib\endorsed\jaxws-api.jar;C:\Program Files (x86)\Java\jdk1.6.0_25\jre\lib\resources.jar;C:\Program Files (x86)\Java\jdk1.6.0_25\jre\lib\rt.jar;C:\Program Files (x86)\Java\jdk1.6.0_25\jre\lib\sunrsasign.jar;C:\Program Files (x86)\Java\jdk1.6.0_25\jre\lib\jsse.jar;C:\Program Files (x86)\Java\jdk1.6.0_25\jre\lib\jce.jar;C:\Program Files (x86)\Java\jdk1.6.0_25\jre\lib\charsets.jar;C:\Program Files (x86)\Java\jdk1.6.0_25\jre\lib\modules\jdk.boot.jar;C:\Program Files (x86)\Java\jdk1.6.0_25\jre\classes"/>
    <property name="java.vendor" value="Sun Microsystems Inc."/>
    <property name="localRepository" value="C:\Users\jorge.rodriguez\.m2\repository"/>
    <property name="file.separator" value="\"/>
    <property name="java.vendor.url.bug" value="http://java.sun.com/cgi-bin/bugreport.cgi"/>
    <property name="sun.cpu.endian" value="little"/>
    <property name="sun.io.unicode.encoding" value="UnicodeLittle"/>
    <property name="sun.desktop" value="windows"/>
    <property name="sun.cpu.isalist" value="pentium_pro+mmx pentium_pro pentium+mmx pentium i486 i386 i86"/>
  </properties>
  <testcase time="0.001" classname="com.bconnect.core.corebc.AppTest" name="testApp"/>
</testsuite>